Using pre-set license
Built from 'master' branch; Version is '2020.3.36f1 (71f96b79b9f0) revision 7469419'; Using compiler version '192528614'; Build Type 'Release'
OS: 'Windows 11  (10.0.22000) 64bit Professional' Language: 'de' Physical Memory: 32527 MB
BatchMode: 1, IsHumanControllingUs: 0, StartBugReporterOnCrash: 0, Is64bit: 1, IsPro: 0

COMMAND LINE ARGUMENTS:
C:\Program Files\Unity\Hub\Editor\2020.3.36f1\Editor\Unity.exe
-adb2
-batchMode
-noUpm
-name
AssetImportWorker0
-projectPath
C:/Users/ana/Desktop/Slimezz
-logFile
Logs/AssetImportWorker0.log
-srvPort
65284
Successfully changed project path to: C:/Users/ana/Desktop/Slimezz
C:/Users/ana/Desktop/Slimezz
Using Asset Import Pipeline V2.
Refreshing native plugins compatible for Editor in 114.82 ms, found 2 plugins.
Preloading 0 native plugins for Editor in 0.00 ms.
Initialize engine version: 2020.3.36f1 (71f96b79b9f0)
[Subsystems] Discovering subsystems at path C:/Program Files/Unity/Hub/Editor/2020.3.36f1/Editor/Data/Resources/UnitySubsystems
[Subsystems] Discovering subsystems at path C:/Users/ana/Desktop/Slimezz/Assets
GfxDevice: creating device client; threaded=0
Direct3D:
    Version:  Direct3D 11.0 [level 11.1]
    Renderer: NVIDIA Quadro P1000 (ID=0x1cbb)
    Vendor:   
    VRAM:     4019 MB
    Driver:   30.0.15.1236
Initialize mono
Mono path[0] = 'C:/Program Files/Unity/Hub/Editor/2020.3.36f1/Editor/Data/Managed'
Mono path[1] = 'C:/Program Files/Unity/Hub/Editor/2020.3.36f1/Editor/Data/MonoBleedingEdge/lib/mono/unityjit'
Mono config path = 'C:/Program Files/Unity/Hub/Editor/2020.3.36f1/Editor/Data/MonoBleedingEdge/etc'
Using monoOptions --debugger-agent=transport=dt_socket,embedding=1,server=y,suspend=n,address=127.0.0.1:56676
Begin MonoManager ReloadAssembly
Registering precompiled unity dll's ...
Register platform support module: C:/Program Files/Unity/Hub/Editor/2020.3.36f1/Editor/Data/PlaybackEngines/WindowsStandaloneSupport/UnityEditor.WindowsStandalone.Extensions.dll
Registered in 0.031816 seconds.
Native extension for WindowsStandalone target not found
Refreshing native plugins compatible for Editor in 46.21 ms, found 2 plugins.
Preloading 0 native plugins for Editor in 0.00 ms.
Mono: successfully reloaded assembly
- Completed reload, in  1.856 seconds
Domain Reload Profiling:
	ReloadAssembly (1856ms)
		BeginReloadAssembly (1103ms)
			ExecutionOrderSort (0ms)
			DisableScriptedObjects (0ms)
			BackupInstance (0ms)
			ReleaseScriptingObjects (0ms)
			CreateAndSetChildDomain (1ms)
		EndReloadAssembly (566ms)
			LoadAssemblies (1104ms)
			RebuildTransferFunctionScriptingTraits (0ms)
			SetupTypeCache (262ms)
			ReleaseScriptCaches (0ms)
			RebuildScriptCaches (26ms)
			SetupLoadedEditorAssemblies (157ms)
				LogAssemblyErrors (0ms)
				InitializePlatformSupportModulesInManaged (4ms)
				SetLoadedEditorAssemblies (0ms)
				RefreshPlugins (46ms)
				BeforeProcessingInitializeOnLoad (7ms)
				ProcessInitializeOnLoadAttributes (72ms)
				ProcessInitializeOnLoadMethodAttributes (27ms)
				AfterProcessingInitializeOnLoad (0ms)
				EditorAssembliesLoaded (0ms)
			ExecutionOrderSort2 (0ms)
			AwakeInstancesAfterBackupRestoration (0ms)
Platform modules already initialized, skipping
Registering precompiled user dll's ...
Registered in 0.145760 seconds.
Begin MonoManager ReloadAssembly
Native extension for WindowsStandalone target not found
Refreshing native plugins compatible for Editor in 0.49 ms, found 2 plugins.
Preloading 0 native plugins for Editor in 0.00 ms.
Mono: successfully reloaded assembly
- Completed reload, in  1.920 seconds
Domain Reload Profiling:
	ReloadAssembly (1923ms)
		BeginReloadAssembly (232ms)
			ExecutionOrderSort (0ms)
			DisableScriptedObjects (4ms)
			BackupInstance (0ms)
			ReleaseScriptingObjects (0ms)
			CreateAndSetChildDomain (17ms)
		EndReloadAssembly (1630ms)
			LoadAssemblies (622ms)
			RebuildTransferFunctionScriptingTraits (0ms)
			SetupTypeCache (581ms)
			ReleaseScriptCaches (0ms)
			RebuildScriptCaches (44ms)
			SetupLoadedEditorAssemblies (397ms)
				LogAssemblyErrors (0ms)
				InitializePlatformSupportModulesInManaged (4ms)
				SetLoadedEditorAssemblies (1ms)
				RefreshPlugins (1ms)
				BeforeProcessingInitializeOnLoad (61ms)
				ProcessInitializeOnLoadAttributes (224ms)
				ProcessInitializeOnLoadMethodAttributes (100ms)
				AfterProcessingInitializeOnLoad (7ms)
				EditorAssembliesLoaded (0ms)
			ExecutionOrderSort2 (0ms)
			AwakeInstancesAfterBackupRestoration (2ms)
Platform modules already initialized, skipping
========================================================================
Worker process is ready to serve import requests
Launched and connected shader compiler UnityShaderCompiler.exe after 0.07 seconds
Refreshing native plugins compatible for Editor in 0.49 ms, found 2 plugins.
Preloading 0 native plugins for Editor in 0.00 ms.
Unloading 1987 Unused Serialized files (Serialized files now loaded: 0)
System memory in use before: 164.8 MB.
System memory in use after: 164.9 MB.

Unloading 40 unused Assets to reduce memory usage. Loaded Objects now: 2418.
Total: 3.186700 ms (FindLiveObjects: 0.133800 ms CreateObjectMapping: 0.052400 ms MarkObjects: 2.887100 ms  DeleteObjects: 0.112800 ms)

AssetImportParameters requested are different than current active one (requested -> active):
  custom:framework-win-MediaFoundation: 216162199b28c13a410421893ffa2e32 -> 
  custom:video-decoder-ogg-theora: a1e56fd34408186e4bbccfd4996cb3dc -> 
  custom:container-muxer-webm: aa71ff27fc2769a1b78a27578f13a17b -> 
  custom:container-demuxer-webm: 4f35f7cbe854078d1ac9338744f61a02 -> 
  custom:container-demuxer-ogg: 62fdf1f143b41e24485cea50d1cbac27 -> 
  custom:video-encoder-webm-vp8: eb34c28f22e8b96e1ab97ce403110664 -> 
  custom:video-decoder-webm-vp8: 9c59270c3fd7afecdb556c50c9e8de78 -> 
  custom:audio-decoder-ogg-vorbis: bf7c407c2cedff20999df2af8eb42d56 -> 
  custom:audio-encoder-webm-vorbis: bf7c407c2cedff20999df2af8eb42d56 -> 
========================================================================
Received Import Request.
  path: Assets/Creator Kit - FPS/Prefabs
  artifactKey: Guid(5ace0baa1bb9e344fbb76a7ab4ac42aa) Importer(815301076,1909f56bfc062723c751e8b465ee728b)
Start importing Assets/Creator Kit - FPS/Prefabs using Guid(5ace0baa1bb9e344fbb76a7ab4ac42aa) Importer(815301076,1909f56bfc062723c751e8b465ee728b)  -> (artifact id: 'b3b6a83011737862b698fd2822864252') in 0.012679 seconds 
========================================================================
Received Import Request.
  Time since last request: 272.021021 seconds.
  path: Assets/Creator Kit - FPS/Art/Prefabs/VFX/DustMotesEffect.prefab
  artifactKey: Guid(6df328a8d22763540b6acb2ca49da47e) Importer(815301076,1909f56bfc062723c751e8b465ee728b)
Start importing Assets/Creator Kit - FPS/Art/Prefabs/VFX/DustMotesEffect.prefab using Guid(6df328a8d22763540b6acb2ca49da47e) Importer(815301076,1909f56bfc062723c751e8b465ee728b)  -> (artifact id: '659aa3b6183d11fdfd976c5c07bd9fb7') in 0.271042 seconds 
========================================================================
Received Import Request.
  Time since last request: 0.000149 seconds.
  path: Assets/Creator Kit - FPS/Art/Prefabs/VFX/PillExplosion.prefab
  artifactKey: Guid(9bba9cf244c53c5439505dfc96fdd11c) Importer(815301076,1909f56bfc062723c751e8b465ee728b)
Start importing Assets/Creator Kit - FPS/Art/Prefabs/VFX/PillExplosion.prefab using Guid(9bba9cf244c53c5439505dfc96fdd11c) Importer(815301076,1909f56bfc062723c751e8b465ee728b)  -> (artifact id: 'e66e0b414955c300853f5a4d7c46feca') in 0.339025 seconds 
========================================================================
Received Import Request.
  Time since last request: 0.000202 seconds.
  path: Assets/Creator Kit - FPS/Art/Prefabs/VFX/LightParticlesCorridors.prefab
  artifactKey: Guid(5e8bfac0a1d67dd408d216db93d536c9) Importer(815301076,1909f56bfc062723c751e8b465ee728b)
Start importing Assets/Creator Kit - FPS/Art/Prefabs/VFX/LightParticlesCorridors.prefab using Guid(5e8bfac0a1d67dd408d216db93d536c9) Importer(815301076,1909f56bfc062723c751e8b465ee728b)  -> (artifact id: '99c07466b0df8c1c3eb133e67eb091c5') in 0.048002 seconds 
========================================================================
Received Import Request.
  Time since last request: 0.000169 seconds.
  path: Assets/Creator Kit - FPS/Art/Prefabs/VFX/Trail.prefab
  artifactKey: Guid(bc513dca9b359aa49aac8365c74ad13d) Importer(815301076,1909f56bfc062723c751e8b465ee728b)
Start importing Assets/Creator Kit - FPS/Art/Prefabs/VFX/Trail.prefab using Guid(bc513dca9b359aa49aac8365c74ad13d) Importer(815301076,1909f56bfc062723c751e8b465ee728b)  -> (artifact id: 'fffcf5e2edc7d0868c2e2dc9a082d727') in 0.047866 seconds 
========================================================================
Received Import Request.
  Time since last request: 0.000203 seconds.
  path: Assets/Creator Kit - FPS/Art/Prefabs/VFX/GoopSpray.prefab
  artifactKey: Guid(5656e7ea1f1a75d4c895547ec2b824b3) Importer(815301076,1909f56bfc062723c751e8b465ee728b)
Start importing Assets/Creator Kit - FPS/Art/Prefabs/VFX/GoopSpray.prefab using Guid(5656e7ea1f1a75d4c895547ec2b824b3) Importer(815301076,1909f56bfc062723c751e8b465ee728b)  -> (artifact id: 'a3824a8b53bee017640500086615c37f') in 1.647632 seconds 
========================================================================
Received Import Request.
  Time since last request: 0.000218 seconds.
  path: Assets/Creator Kit - FPS/Art/Prefabs/VFX/LightParticles.prefab
  artifactKey: Guid(3f1ddb7022225814aaa00dc7e4ebbfcf) Importer(815301076,1909f56bfc062723c751e8b465ee728b)
Start importing Assets/Creator Kit - FPS/Art/Prefabs/VFX/LightParticles.prefab using Guid(3f1ddb7022225814aaa00dc7e4ebbfcf) Importer(815301076,1909f56bfc062723c751e8b465ee728b)  -> (artifact id: '524818ba8ddf8a37b389fd333e7a6984') in 0.023541 seconds 
========================================================================
Received Import Request.
  Time since last request: 351.531576 seconds.
  path: Assets/Creator Kit - FPS/Art
  artifactKey: Guid(0929770b698c7154eb1dda1e8ee939e9) Importer(815301076,1909f56bfc062723c751e8b465ee728b)
Start importing Assets/Creator Kit - FPS/Art using Guid(0929770b698c7154eb1dda1e8ee939e9) Importer(815301076,1909f56bfc062723c751e8b465ee728b)  -> (artifact id: '2253514fd87ba519412db0edffce2d01') in 0.009172 seconds 
========================================================================
Received Import Request.
  Time since last request: 4.487627 seconds.
  path: Assets/Creator Kit - FPS/Art/Models
  artifactKey: Guid(bb20e2862391a364588585eedbf298c1) Importer(815301076,1909f56bfc062723c751e8b465ee728b)
Start importing Assets/Creator Kit - FPS/Art/Models using Guid(bb20e2862391a364588585eedbf298c1) Importer(815301076,1909f56bfc062723c751e8b465ee728b)  -> (artifact id: 'f507684a209fb2db786ee01083ce09d7') in 0.007225 seconds 
========================================================================
Received Import Request.
  Time since last request: 4.800361 seconds.
  path: Assets/Creator Kit - FPS/Art/Models/Characters
  artifactKey: Guid(5a2c9924c68ae804385dee091518786a) Importer(815301076,1909f56bfc062723c751e8b465ee728b)
Start importing Assets/Creator Kit - FPS/Art/Models/Characters using Guid(5a2c9924c68ae804385dee091518786a) Importer(815301076,1909f56bfc062723c751e8b465ee728b)  -> (artifact id: '8291b095ae18d8c1d9dcae26b86f455e') in 0.007894 seconds 
========================================================================
Received Import Request.
  Time since last request: 689.722083 seconds.
  path: Assets/Creator Kit - FPS/Audio/SFX/SFX_Acid.ogg
  artifactKey: Guid(d7bd7483af4efea42ad1745dc7329b00) Importer(815301076,1909f56bfc062723c751e8b465ee728b)
Start importing Assets/Creator Kit - FPS/Audio/SFX/SFX_Acid.ogg using Guid(d7bd7483af4efea42ad1745dc7329b00) Importer(815301076,1909f56bfc062723c751e8b465ee728b)  -> (artifact id: '0e9da9461c7332d9f00d83f587572332') in 0.319881 seconds 
========================================================================
Received Import Request.
  Time since last request: 0.000142 seconds.
  path: Assets/Creator Kit - FPS/Audio/SFX/SFX_PistolReload.ogg
  artifactKey: Guid(4fa47482629cb5e4ea45c714aee0165f) Importer(815301076,1909f56bfc062723c751e8b465ee728b)
Start importing Assets/Creator Kit - FPS/Audio/SFX/SFX_PistolReload.ogg using Guid(4fa47482629cb5e4ea45c714aee0165f) Importer(815301076,1909f56bfc062723c751e8b465ee728b)  -> (artifact id: '72dbc24e305f813f52b6786f392815d0') in 0.017622 seconds 
========================================================================
Received Import Request.
  Time since last request: 0.000377 seconds.
  path: Assets/Creator Kit - FPS/Audio/SFX/SFX_GrenadeExplode.ogg
  artifactKey: Guid(4a9a06c9694a13543bb6addd4101fcb1) Importer(815301076,1909f56bfc062723c751e8b465ee728b)
Start importing Assets/Creator Kit - FPS/Audio/SFX/SFX_GrenadeExplode.ogg using Guid(4a9a06c9694a13543bb6addd4101fcb1) Importer(815301076,1909f56bfc062723c751e8b465ee728b)  -> (artifact id: '286c94ed5b352f9ed8cf7c4fef0a2e8d') in 0.018735 seconds 
========================================================================
Received Import Request.
  Time since last request: 0.000288 seconds.
  path: Assets/Creator Kit - FPS/Audio/SFX/SFX_MachinegunShoot.ogg
  artifactKey: Guid(79c781879da4b6c4f8c7cd79fd034759) Importer(815301076,1909f56bfc062723c751e8b465ee728b)
Start importing Assets/Creator Kit - FPS/Audio/SFX/SFX_MachinegunShoot.ogg using Guid(79c781879da4b6c4f8c7cd79fd034759) Importer(815301076,1909f56bfc062723c751e8b465ee728b)  -> (artifact id: '15a4eafc7c844f7fc18143575283aff7') in 0.018048 seconds 
========================================================================
Received Import Request.
  Time since last request: 0.000136 seconds.
  path: Assets/Creator Kit - FPS/Audio/SFX/SFX_Footstep03.ogg
  artifactKey: Guid(0bc8c6ec3fc9d40489c2b46a81e75ea6) Importer(815301076,1909f56bfc062723c751e8b465ee728b)
Start importing Assets/Creator Kit - FPS/Audio/SFX/SFX_Footstep03.ogg using Guid(0bc8c6ec3fc9d40489c2b46a81e75ea6) Importer(815301076,1909f56bfc062723c751e8b465ee728b)  -> (artifact id: 'c62a07b070452acd4a1543c3135e14fb') in 0.018530 seconds 
========================================================================
Received Import Request.
  Time since last request: 0.000177 seconds.
  path: Assets/Creator Kit - FPS/Audio/SFX/SFX_RedBloodcellHit03.ogg
  artifactKey: Guid(ee15b63e583c60546af761072d0c6d17) Importer(815301076,1909f56bfc062723c751e8b465ee728b)
Start importing Assets/Creator Kit - FPS/Audio/SFX/SFX_RedBloodcellHit03.ogg using Guid(ee15b63e583c60546af761072d0c6d17) Importer(815301076,1909f56bfc062723c751e8b465ee728b)  -> (artifact id: '71da159a8a2a2c1b778e9a8a96b81ca6') in 0.018146 seconds 
========================================================================
Received Import Request.
  Time since last request: 0.000171 seconds.
  path: Assets/Creator Kit - FPS/Audio/SFX/SFX_SpikedGermHit01.ogg
  artifactKey: Guid(1edbb2ea23b078e45a206335e68407f0) Importer(815301076,1909f56bfc062723c751e8b465ee728b)
Start importing Assets/Creator Kit - FPS/Audio/SFX/SFX_SpikedGermHit01.ogg using Guid(1edbb2ea23b078e45a206335e68407f0) Importer(815301076,1909f56bfc062723c751e8b465ee728b)  -> (artifact id: '18f92012278b5a11554d92b9ea87a4f7') in 0.018496 seconds 
========================================================================
Received Import Request.
  Time since last request: 0.000185 seconds.
  path: Assets/Creator Kit - FPS/Audio/SFX/SFX_Footstep04.ogg
  artifactKey: Guid(b7c3823868aad77448423a5dffacbc2b) Importer(815301076,1909f56bfc062723c751e8b465ee728b)
Start importing Assets/Creator Kit - FPS/Audio/SFX/SFX_Footstep04.ogg using Guid(b7c3823868aad77448423a5dffacbc2b) Importer(815301076,1909f56bfc062723c751e8b465ee728b)  -> (artifact id: '00df492dbf80f6703bf168d37c34a847') in 0.017452 seconds 
========================================================================
Received Import Request.
  Time since last request: 0.000567 seconds.
  path: Assets/Creator Kit - FPS/Audio/SFX/SFX_Footstep05.ogg
  artifactKey: Guid(9293593a23bcc74459f4038689a7f70a) Importer(815301076,1909f56bfc062723c751e8b465ee728b)
Start importing Assets/Creator Kit - FPS/Audio/SFX/SFX_Footstep05.ogg using Guid(9293593a23bcc74459f4038689a7f70a) Importer(815301076,1909f56bfc062723c751e8b465ee728b)  -> (artifact id: '6671e99e7be15cd00a1b811a2da24830') in 0.017891 seconds 
========================================================================
Received Import Request.
  Time since last request: 0.000219 seconds.
  path: Assets/Creator Kit - FPS/Audio/SFX/SFX_MachinegunReload.ogg
  artifactKey: Guid(53b8e7c6ac6cd6d49977438b25dacfc7) Importer(815301076,1909f56bfc062723c751e8b465ee728b)
Start importing Assets/Creator Kit - FPS/Audio/SFX/SFX_MachinegunReload.ogg using Guid(53b8e7c6ac6cd6d49977438b25dacfc7) Importer(815301076,1909f56bfc062723c751e8b465ee728b)  -> (artifact id: '2f63c235467b705715120a0489b8e7ef') in 0.016417 seconds 
========================================================================
Received Import Request.
  Time since last request: 0.000170 seconds.
  path: Assets/Creator Kit - FPS/Audio/SFX/SFX_SpikedGermHit03.ogg
  artifactKey: Guid(849ab1b6ae344ca4a8059d8d5d9bfe7e) Importer(815301076,1909f56bfc062723c751e8b465ee728b)
Start importing Assets/Creator Kit - FPS/Audio/SFX/SFX_SpikedGermHit03.ogg using Guid(849ab1b6ae344ca4a8059d8d5d9bfe7e) Importer(815301076,1909f56bfc062723c751e8b465ee728b)  -> (artifact id: '127ea8eb50567e751c064dbc92b5e183') in 0.018213 seconds 
========================================================================
Received Import Request.
  Time since last request: 0.000152 seconds.
  path: Assets/Creator Kit - FPS/Audio/SFX/SFX_PistolShoot.ogg
  artifactKey: Guid(fbc2b14268d715446890c0fcedb6bd18) Importer(815301076,1909f56bfc062723c751e8b465ee728b)
Start importing Assets/Creator Kit - FPS/Audio/SFX/SFX_PistolShoot.ogg using Guid(fbc2b14268d715446890c0fcedb6bd18) Importer(815301076,1909f56bfc062723c751e8b465ee728b)  -> (artifact id: '723b7932949e5e4489c28de80be20f77') in 0.017763 seconds 
========================================================================
Received Import Request.
  Time since last request: 0.000196 seconds.
  path: Assets/Creator Kit - FPS/Audio/SFX/SFX_SpikedGermHit02.ogg
  artifactKey: Guid(d42c4b5b9474de94c9104695770c1d97) Importer(815301076,1909f56bfc062723c751e8b465ee728b)
Start importing Assets/Creator Kit - FPS/Audio/SFX/SFX_SpikedGermHit02.ogg using Guid(d42c4b5b9474de94c9104695770c1d97) Importer(815301076,1909f56bfc062723c751e8b465ee728b)  -> (artifact id: 'b9fe86bb45ec685304552c0681abdc08') in 0.016779 seconds 
========================================================================
Received Import Request.
  Time since last request: 0.000235 seconds.
  path: Assets/Creator Kit - FPS/Audio/SFX/SFX_EnemyHit03.ogg
  artifactKey: Guid(c71e8a7fdb3821a40ae48dc78f8402ff) Importer(815301076,1909f56bfc062723c751e8b465ee728b)
Start importing Assets/Creator Kit - FPS/Audio/SFX/SFX_EnemyHit03.ogg using Guid(c71e8a7fdb3821a40ae48dc78f8402ff) Importer(815301076,1909f56bfc062723c751e8b465ee728b)  -> (artifact id: '45187571e26f000493d91faae038d44d') in 0.018337 seconds 
========================================================================
Received Import Request.
  Time since last request: 0.000157 seconds.
  path: Assets/Creator Kit - FPS/Audio/SFX/SFX_InsideAmbience.ogg
  artifactKey: Guid(9e09a232b509fff439fcb32739c0f133) Importer(815301076,1909f56bfc062723c751e8b465ee728b)
Start importing Assets/Creator Kit - FPS/Audio/SFX/SFX_InsideAmbience.ogg using Guid(9e09a232b509fff439fcb32739c0f133) Importer(815301076,1909f56bfc062723c751e8b465ee728b)  -> (artifact id: '38f53e482734bcae0de43eb0bd7198fa') in 0.018251 seconds 
========================================================================
Received Import Request.
  Time since last request: 0.000154 seconds.
  path: Assets/Creator Kit - FPS/Audio/SFX/SFX_Jump.ogg
  artifactKey: Guid(d44cae06e297aa4458bf0a432cdf4f03) Importer(815301076,1909f56bfc062723c751e8b465ee728b)
Start importing Assets/Creator Kit - FPS/Audio/SFX/SFX_Jump.ogg using Guid(d44cae06e297aa4458bf0a432cdf4f03) Importer(815301076,1909f56bfc062723c751e8b465ee728b)  -> (artifact id: 'a466cad12867e24da423216e35c7f1d3') in 0.016149 seconds 
========================================================================
Received Import Request.
  Time since last request: 0.000139 seconds.
  path: Assets/Creator Kit - FPS/Audio/SFX/SFX_RedBloodcellHit02.ogg
  artifactKey: Guid(2e340fff8cb186f4e847fb83ef9ebc0e) Importer(815301076,1909f56bfc062723c751e8b465ee728b)
Start importing Assets/Creator Kit - FPS/Audio/SFX/SFX_RedBloodcellHit02.ogg using Guid(2e340fff8cb186f4e847fb83ef9ebc0e) Importer(815301076,1909f56bfc062723c751e8b465ee728b)  -> (artifact id: 'b631741247e99d958198326c04e44bcc') in 0.016722 seconds 
========================================================================
Received Import Request.
  Time since last request: 0.000180 seconds.
  path: Assets/Creator Kit - FPS/Audio/SFX/SFX_EnemyHit02.ogg
  artifactKey: Guid(d1cba0b0d650a254fbb2096940806370) Importer(815301076,1909f56bfc062723c751e8b465ee728b)
Start importing Assets/Creator Kit - FPS/Audio/SFX/SFX_EnemyHit02.ogg using Guid(d1cba0b0d650a254fbb2096940806370) Importer(815301076,1909f56bfc062723c751e8b465ee728b)  -> (artifact id: '4f6b26af35f1d86fc8b36a8be08e25e7') in 0.016596 seconds 
========================================================================
Received Import Request.
  Time since last request: 0.000227 seconds.
  path: Assets/Creator Kit - FPS/Audio/SFX/SFX_EnemyHit01.ogg
  artifactKey: Guid(44893a68cd8f54e47b539f656aa69a1c) Importer(815301076,1909f56bfc062723c751e8b465ee728b)
Start importing Assets/Creator Kit - FPS/Audio/SFX/SFX_EnemyHit01.ogg using Guid(44893a68cd8f54e47b539f656aa69a1c) Importer(815301076,1909f56bfc062723c751e8b465ee728b)  -> (artifact id: 'e5895788cb6ae0fb595702fc196b4f58') in 0.017870 seconds 
========================================================================
Received Import Request.
  Time since last request: 0.000197 seconds.
  path: Assets/Creator Kit - FPS/Audio/SFX/SFX_GermHit01.ogg
  artifactKey: Guid(0658f8bf7eaf7d544ab89899ae0361ab) Importer(815301076,1909f56bfc062723c751e8b465ee728b)
Start importing Assets/Creator Kit - FPS/Audio/SFX/SFX_GermHit01.ogg using Guid(0658f8bf7eaf7d544ab89899ae0361ab) Importer(815301076,1909f56bfc062723c751e8b465ee728b)  -> (artifact id: '73cfa36fba8d0cc96332566be9bd8e2e') in 0.016933 seconds 
========================================================================
Received Import Request.
  Time since last request: 0.000156 seconds.
  path: Assets/Creator Kit - FPS/Audio/SFX/SFX_GermHit03.ogg
  artifactKey: Guid(ad956d9da7f6b664493795b4a536dabb) Importer(815301076,1909f56bfc062723c751e8b465ee728b)
Start importing Assets/Creator Kit - FPS/Audio/SFX/SFX_GermHit03.ogg using Guid(ad956d9da7f6b664493795b4a536dabb) Importer(815301076,1909f56bfc062723c751e8b465ee728b)  -> (artifact id: '1a1da0ee75fa1a0c88309f72139c2774') in 0.017502 seconds 
========================================================================
Received Import Request.
  Time since last request: 0.000202 seconds.
  path: Assets/Creator Kit - FPS/Audio/SFX/SFX_Brain.ogg
  artifactKey: Guid(5b5f425d14fe21a42b287321bd45aebb) Importer(815301076,1909f56bfc062723c751e8b465ee728b)
Start importing Assets/Creator Kit - FPS/Audio/SFX/SFX_Brain.ogg using Guid(5b5f425d14fe21a42b287321bd45aebb) Importer(815301076,1909f56bfc062723c751e8b465ee728b)  -> (artifact id: '5426aa4621cfb659477c0e098cdd9a3d') in 0.017834 seconds 
========================================================================
Received Import Request.
  Time since last request: 0.000153 seconds.
  path: Assets/Creator Kit - FPS/Audio/SFX/SFX_GermHit02.ogg
  artifactKey: Guid(608c2a305cfe8564fb03dff149415d61) Importer(815301076,1909f56bfc062723c751e8b465ee728b)
Start importing Assets/Creator Kit - FPS/Audio/SFX/SFX_GermHit02.ogg using Guid(608c2a305cfe8564fb03dff149415d61) Importer(815301076,1909f56bfc062723c751e8b465ee728b)  -> (artifact id: '4daba40584707adacb0c6b707076020b') in 0.015636 seconds 
========================================================================
Received Import Request.
  Time since last request: 0.000186 seconds.
  path: Assets/Creator Kit - FPS/Audio/SFX/SFX_BulletImpactWall.ogg
  artifactKey: Guid(e45c5ebf56f4f0f4dae5e6b43e1095b1) Importer(815301076,1909f56bfc062723c751e8b465ee728b)
Start importing Assets/Creator Kit - FPS/Audio/SFX/SFX_BulletImpactWall.ogg using Guid(e45c5ebf56f4f0f4dae5e6b43e1095b1) Importer(815301076,1909f56bfc062723c751e8b465ee728b)  -> (artifact id: '22ca1d0a7b7aa1853464f54a6dd130a6') in 0.015610 seconds 
========================================================================
Received Import Request.
  Time since last request: 0.000135 seconds.
  path: Assets/Creator Kit - FPS/Audio/SFX/SFX_RedBloodcellIdle.ogg
  artifactKey: Guid(e74718893a7e6d34583d776815f52602) Importer(815301076,1909f56bfc062723c751e8b465ee728b)
Start importing Assets/Creator Kit - FPS/Audio/SFX/SFX_RedBloodcellIdle.ogg using Guid(e74718893a7e6d34583d776815f52602) Importer(815301076,1909f56bfc062723c751e8b465ee728b)  -> (artifact id: 'eff324743749891eef8240206188d950') in 0.019901 seconds 
========================================================================
Received Import Request.
  Time since last request: 0.000132 seconds.
  path: Assets/Creator Kit - FPS/Audio/SFX/SFX_UINegative.ogg
  artifactKey: Guid(dae5819be412de34a926b07afa6b8597) Importer(815301076,1909f56bfc062723c751e8b465ee728b)
Start importing Assets/Creator Kit - FPS/Audio/SFX/SFX_UINegative.ogg using Guid(dae5819be412de34a926b07afa6b8597) Importer(815301076,1909f56bfc062723c751e8b465ee728b)  -> (artifact id: '5a71be5a09636500d2a4c562f74b3001') in 0.016643 seconds 
========================================================================
Received Import Request.
  Time since last request: 0.000192 seconds.
  path: Assets/Creator Kit - FPS/Audio/SFX/SFX_UIConfirm.ogg
  artifactKey: Guid(61507aebad0cf874aa8c0d42fcaa4e24) Importer(815301076,1909f56bfc062723c751e8b465ee728b)
Start importing Assets/Creator Kit - FPS/Audio/SFX/SFX_UIConfirm.ogg using Guid(61507aebad0cf874aa8c0d42fcaa4e24) Importer(815301076,1909f56bfc062723c751e8b465ee728b)  -> (artifact id: '06d993b475a560af3524923e24794cbb') in 0.016262 seconds 
========================================================================
Received Import Request.
  Time since last request: 0.000180 seconds.
  path: Assets/Creator Kit - FPS/Audio/SFX/SFX_UISelect.ogg
  artifactKey: Guid(6adbcb40cb85bb64ea5199190d4fd25a) Importer(815301076,1909f56bfc062723c751e8b465ee728b)
Start importing Assets/Creator Kit - FPS/Audio/SFX/SFX_UISelect.ogg using Guid(6adbcb40cb85bb64ea5199190d4fd25a) Importer(815301076,1909f56bfc062723c751e8b465ee728b)  -> (artifact id: '853d1a10d4f3c0aee73e8b169d5f0cd6') in 0.017837 seconds 
========================================================================
Received Import Request.
  Time since last request: 0.000167 seconds.
  path: Assets/Creator Kit - FPS/Audio/SFX/SFX_Footstep01.ogg
  artifactKey: Guid(17fafb003acbf6d46b10d28bcfa80650) Importer(815301076,1909f56bfc062723c751e8b465ee728b)
Start importing Assets/Creator Kit - FPS/Audio/SFX/SFX_Footstep01.ogg using Guid(17fafb003acbf6d46b10d28bcfa80650) Importer(815301076,1909f56bfc062723c751e8b465ee728b)  -> (artifact id: '2431d7423f40707296da74b31e4ce69e') in 0.018212 seconds 
========================================================================
Received Import Request.
  Time since last request: 0.000149 seconds.
  path: Assets/Creator Kit - FPS/Audio/SFX/SFX_GrenadeThrow.ogg
  artifactKey: Guid(9839eb252399f0e48ad440d498d738d1) Importer(815301076,1909f56bfc062723c751e8b465ee728b)
Start importing Assets/Creator Kit - FPS/Audio/SFX/SFX_GrenadeThrow.ogg using Guid(9839eb252399f0e48ad440d498d738d1) Importer(815301076,1909f56bfc062723c751e8b465ee728b)  -> (artifact id: '39bd74de23ba724f8127fcb83c52beae') in 0.018337 seconds 
========================================================================
Received Import Request.
  Time since last request: 0.000249 seconds.
  path: Assets/Creator Kit - FPS/Audio/SFX/SFX_GermIdle.ogg
  artifactKey: Guid(e8ed11207c86d614cbf486a93a782359) Importer(815301076,1909f56bfc062723c751e8b465ee728b)
Start importing Assets/Creator Kit - FPS/Audio/SFX/SFX_GermIdle.ogg using Guid(e8ed11207c86d614cbf486a93a782359) Importer(815301076,1909f56bfc062723c751e8b465ee728b)  -> (artifact id: 'e79a0bab87e07f90007b9afaee39065e') in 0.015855 seconds 
========================================================================
Received Import Request.
  Time since last request: 0.000208 seconds.
  path: Assets/Creator Kit - FPS/Audio/SFX/SFX_Heartbeat.ogg
  artifactKey: Guid(28a59aea5642b964a8bf5a645599e797) Importer(815301076,1909f56bfc062723c751e8b465ee728b)
Start importing Assets/Creator Kit - FPS/Audio/SFX/SFX_Heartbeat.ogg using Guid(28a59aea5642b964a8bf5a645599e797) Importer(815301076,1909f56bfc062723c751e8b465ee728b)  -> (artifact id: 'd841e15827e971ddd7eeda8f72c8352f') in 0.016835 seconds 
========================================================================
Received Import Request.
  Time since last request: 0.000155 seconds.
  path: Assets/Creator Kit - FPS/Audio/SFX/SFX_Footstep02.ogg
  artifactKey: Guid(69cabefbc1ad3fb4b8892b5314ffe4e8) Importer(815301076,1909f56bfc062723c751e8b465ee728b)
Start importing Assets/Creator Kit - FPS/Audio/SFX/SFX_Footstep02.ogg using Guid(69cabefbc1ad3fb4b8892b5314ffe4e8) Importer(815301076,1909f56bfc062723c751e8b465ee728b)  -> (artifact id: 'ca910c32ad6adb1c11befb060ee0dd3d') in 0.017165 seconds 
========================================================================
Received Import Request.
  Time since last request: 0.000177 seconds.
  path: Assets/Creator Kit - FPS/Audio/SFX/SFX_Land.ogg
  artifactKey: Guid(80b8397262d56df49828a3b530021dba) Importer(815301076,1909f56bfc062723c751e8b465ee728b)
Start importing Assets/Creator Kit - FPS/Audio/SFX/SFX_Land.ogg using Guid(80b8397262d56df49828a3b530021dba) Importer(815301076,1909f56bfc062723c751e8b465ee728b)  -> (artifact id: '3c3130aa071479a13ee6e73f45e0e0c4') in 0.017003 seconds 
========================================================================
Received Import Request.
  Time since last request: 0.000211 seconds.
  path: Assets/Creator Kit - FPS/Audio/SFX/SFX_RedBloodcellHit01.ogg
  artifactKey: Guid(e4038fae85905eb419579a740d987740) Importer(815301076,1909f56bfc062723c751e8b465ee728b)
Start importing Assets/Creator Kit - FPS/Audio/SFX/SFX_RedBloodcellHit01.ogg using Guid(e4038fae85905eb419579a740d987740) Importer(815301076,1909f56bfc062723c751e8b465ee728b)  -> (artifact id: 'c937b50dc94f8cc18c45432d28fb792c') in 0.020936 seconds 
========================================================================
Received Import Request.
  Time since last request: 136.446347 seconds.
  path: Assets/Creator Kit - FPS/Prefabs/Targets/GermSpike.prefab
  artifactKey: Guid(34f6f4345efa0684f8c05023f02604a5) Importer(815301076,1909f56bfc062723c751e8b465ee728b)
Start importing Assets/Creator Kit - FPS/Prefabs/Targets/GermSpike.prefab using Guid(34f6f4345efa0684f8c05023f02604a5) Importer(815301076,1909f56bfc062723c751e8b465ee728b)  -> (artifact id: '746158d5d196b39c8df96ba22e48d664') in 0.055844 seconds 
========================================================================
Received Import Request.
  Time since last request: 348.572525 seconds.
  path: Assets/Creator Kit - FPS/Prefabs/Rooms/BrainRoom.prefab
  artifactKey: Guid(b79abcb9ee326264694320b336aa66c6) Importer(815301076,1909f56bfc062723c751e8b465ee728b)
Start importing Assets/Creator Kit - FPS/Prefabs/Rooms/BrainRoom.prefab using Guid(b79abcb9ee326264694320b336aa66c6) Importer(815301076,1909f56bfc062723c751e8b465ee728b)  -> (artifact id: '6b412ad107a2911b3c0f552da314f845') in 0.099989 seconds 
========================================================================
Received Import Request.
  Time since last request: 0.000203 seconds.
  path: Assets/Creator Kit - FPS/Prefabs/Rooms/HeartRoom.prefab
  artifactKey: Guid(b9c7f73cbb9617a4c82234a257216bbf) Importer(815301076,1909f56bfc062723c751e8b465ee728b)
Start importing Assets/Creator Kit - FPS/Prefabs/Rooms/HeartRoom.prefab using Guid(b9c7f73cbb9617a4c82234a257216bbf) Importer(815301076,1909f56bfc062723c751e8b465ee728b)  -> (artifact id: '34d9cf407a254cb207b1ddfa47ee89f2') in 0.333463 seconds 
========================================================================
Received Import Request.
  Time since last request: 0.000236 seconds.
  path: Assets/Creator Kit - FPS/Prefabs/Rooms/StomachRoom.prefab
  artifactKey: Guid(4cbb64337ca003c4d831290a0e9f461e) Importer(815301076,1909f56bfc062723c751e8b465ee728b)
Start importing Assets/Creator Kit - FPS/Prefabs/Rooms/StomachRoom.prefab using Guid(4cbb64337ca003c4d831290a0e9f461e) Importer(815301076,1909f56bfc062723c751e8b465ee728b)  -> (artifact id: '3897a722f0eee780e8887c755550f5c3') in 0.572554 seconds 
========================================================================
Received Import Request.
  Time since last request: 1.158671 seconds.
  path: Assets/Creator Kit - FPS/Prefabs/Rooms/CorridorMedium.prefab
  artifactKey: Guid(905396a8b049c0548828753382b185ff) Importer(815301076,1909f56bfc062723c751e8b465ee728b)
Start importing Assets/Creator Kit - FPS/Prefabs/Rooms/CorridorMedium.prefab using Guid(905396a8b049c0548828753382b185ff) Importer(815301076,1909f56bfc062723c751e8b465ee728b)  -> (artifact id: '33dca5625c3c386301467c2575f91e9c') in 0.075735 seconds 
========================================================================
Received Import Request.
  Time since last request: 0.000192 seconds.
  path: Assets/Creator Kit - FPS/Prefabs/Rooms/CorridorV.prefab
  artifactKey: Guid(21a463888965eb14ea0abb606bdbca2b) Importer(815301076,1909f56bfc062723c751e8b465ee728b)
Start importing Assets/Creator Kit - FPS/Prefabs/Rooms/CorridorV.prefab using Guid(21a463888965eb14ea0abb606bdbca2b) Importer(815301076,1909f56bfc062723c751e8b465ee728b)  -> (artifact id: '4bb7d69e9b9c1ea0bbf22459c3ec1fb5') in 0.058582 seconds 
========================================================================
Received Import Request.
  Time since last request: 0.000210 seconds.
  path: Assets/Creator Kit - FPS/Prefabs/Rooms/CorridorCube.prefab
  artifactKey: Guid(0ad9d83713f843f4a8daec984ea1f0e3) Importer(815301076,1909f56bfc062723c751e8b465ee728b)
Start importing Assets/Creator Kit - FPS/Prefabs/Rooms/CorridorCube.prefab using Guid(0ad9d83713f843f4a8daec984ea1f0e3) Importer(815301076,1909f56bfc062723c751e8b465ee728b)  -> (artifact id: '1b5ffcade05743445bb9045ad30603da') in 0.059410 seconds 
========================================================================
Received Import Request.
  Time since last request: 0.000155 seconds.
  path: Assets/Creator Kit - FPS/Prefabs/Rooms/CorridorLong.prefab
  artifactKey: Guid(b839185e8530797479d5b4df13785446) Importer(815301076,1909f56bfc062723c751e8b465ee728b)
Start importing Assets/Creator Kit - FPS/Prefabs/Rooms/CorridorLong.prefab using Guid(b839185e8530797479d5b4df13785446) Importer(815301076,1909f56bfc062723c751e8b465ee728b)  -> (artifact id: '71ce960df331b3caef22c7f47c6f1e79') in 0.059090 seconds 
========================================================================
Received Import Request.
  Time since last request: 0.000189 seconds.
  path: Assets/Creator Kit - FPS/Prefabs/Rooms/CorridorCorner.prefab
  artifactKey: Guid(0cd31afd7f54bbc4183a5847d566e3d6) Importer(815301076,1909f56bfc062723c751e8b465ee728b)
Start importing Assets/Creator Kit - FPS/Prefabs/Rooms/CorridorCorner.prefab using Guid(0cd31afd7f54bbc4183a5847d566e3d6) Importer(815301076,1909f56bfc062723c751e8b465ee728b)  -> (artifact id: '30caf5c75763d4e3218bb0d47cc5aceb') in 0.060137 seconds 
========================================================================
Received Prepare
Registering precompiled user dll's ...
Registered in 0.038166 seconds.
Begin MonoManager ReloadAssembly
Native extension for WindowsStandalone target not found
Refreshing native plugins compatible for Editor in 1.12 ms, found 2 plugins.
Preloading 0 native plugins for Editor in 0.00 ms.
Mono: successfully reloaded assembly
- Completed reload, in  1.236 seconds
Domain Reload Profiling:
	ReloadAssembly (1237ms)
		BeginReloadAssembly (192ms)
			ExecutionOrderSort (0ms)
			DisableScriptedObjects (6ms)
			BackupInstance (0ms)
			ReleaseScriptingObjects (0ms)
			CreateAndSetChildDomain (44ms)
		EndReloadAssembly (966ms)
			LoadAssemblies (190ms)
			RebuildTransferFunctionScriptingTraits (0ms)
			SetupTypeCache (343ms)
			ReleaseScriptCaches (1ms)
			RebuildScriptCaches (48ms)
			SetupLoadedEditorAssemblies (331ms)
				LogAssemblyErrors (0ms)
				InitializePlatformSupportModulesInManaged (5ms)
				SetLoadedEditorAssemblies (1ms)
				RefreshPlugins (1ms)
				BeforeProcessingInitializeOnLoad (68ms)
				ProcessInitializeOnLoadAttributes (225ms)
				ProcessInitializeOnLoadMethodAttributes (21ms)
				AfterProcessingInitializeOnLoad (9ms)
				EditorAssembliesLoaded (0ms)
			ExecutionOrderSort2 (0ms)
			AwakeInstancesAfterBackupRestoration (3ms)
Platform modules already initialized, skipping
Refreshing native plugins compatible for Editor in 1.00 ms, found 2 plugins.
Preloading 0 native plugins for Editor in 0.00 ms.
Unloading 1945 Unused Serialized files (Serialized files now loaded: 0)
System memory in use before: 177.8 MB.
System memory in use after: 177.9 MB.

Unloading 32 unused Assets to reduce memory usage. Loaded Objects now: 2434.
Total: 4.266900 ms (FindLiveObjects: 0.183500 ms CreateObjectMapping: 0.100700 ms MarkObjects: 3.935700 ms  DeleteObjects: 0.046000 ms)

AssetImportParameters requested are different than current active one (requested -> active):
  custom:framework-win-MediaFoundation: 216162199b28c13a410421893ffa2e32 -> 
  custom:video-decoder-ogg-theora: a1e56fd34408186e4bbccfd4996cb3dc -> 
  custom:container-muxer-webm: aa71ff27fc2769a1b78a27578f13a17b -> 
  custom:container-demuxer-webm: 4f35f7cbe854078d1ac9338744f61a02 -> 
  custom:container-demuxer-ogg: 62fdf1f143b41e24485cea50d1cbac27 -> 
  custom:video-encoder-webm-vp8: eb34c28f22e8b96e1ab97ce403110664 -> 
  custom:video-decoder-webm-vp8: 9c59270c3fd7afecdb556c50c9e8de78 -> 
  custom:audio-decoder-ogg-vorbis: bf7c407c2cedff20999df2af8eb42d56 -> 
  custom:audio-encoder-webm-vorbis: bf7c407c2cedff20999df2af8eb42d56 -> 
========================================================================
Received Import Request.
  Time since last request: 386.185804 seconds.
  path: Assets/Creator Kit - FPS/Art/Animations/Enemies/GermSlime
  artifactKey: Guid(72da8658bfd62a24c839b023fa14ae11) Importer(815301076,1909f56bfc062723c751e8b465ee728b)
Start importing Assets/Creator Kit - FPS/Art/Animations/Enemies/GermSlime using Guid(72da8658bfd62a24c839b023fa14ae11) Importer(815301076,1909f56bfc062723c751e8b465ee728b)  -> (artifact id: 'ef93996fba6944b667a6f35c6c2f5aa5') in 0.010338 seconds 
========================================================================
Received Import Request.
  Time since last request: 0.211450 seconds.
  path: Assets/Creator Kit - FPS/Art/Animations/Enemies/GermSlime/GermSlime@Idle.fbx
  artifactKey: Guid(fc0abf94747c84340bd09191e02e88d3) Importer(815301076,1909f56bfc062723c751e8b465ee728b)
Start importing Assets/Creator Kit - FPS/Art/Animations/Enemies/GermSlime/GermSlime@Idle.fbx using Guid(fc0abf94747c84340bd09191e02e88d3) Importer(815301076,1909f56bfc062723c751e8b465ee728b)  -> (artifact id: '457eeda017c8b6fc23a2bd8c81cc5ce5') in 0.119775 seconds 
========================================================================
Received Import Request.
  Time since last request: 11.861541 seconds.
  path: Assets/Creator Kit - FPS/Art/Prefabs/Props
  artifactKey: Guid(38e00073a9775ca4c91164e92ed4d67e) Importer(815301076,1909f56bfc062723c751e8b465ee728b)
Start importing Assets/Creator Kit - FPS/Art/Prefabs/Props using Guid(38e00073a9775ca4c91164e92ed4d67e) Importer(815301076,1909f56bfc062723c751e8b465ee728b)  -> (artifact id: '2c5ed07b443c27ec7fdd88a7175954c2') in 0.006701 seconds 
========================================================================
Received Import Request.
  Time since last request: 0.068473 seconds.
  path: Assets/Creator Kit - FPS/Art/Prefabs/Props/Acid.prefab
  artifactKey: Guid(64b1837b1cd40d541944cde538b260fe) Importer(815301076,1909f56bfc062723c751e8b465ee728b)
Start importing Assets/Creator Kit - FPS/Art/Prefabs/Props/Acid.prefab using Guid(64b1837b1cd40d541944cde538b260fe) Importer(815301076,1909f56bfc062723c751e8b465ee728b)  -> (artifact id: 'd5eaeedf99cbdf2c24c7fe56f432c7e7') in 0.028791 seconds 
========================================================================
Received Import Request.
  Time since last request: 0.000147 seconds.
  path: Assets/Creator Kit - FPS/Art/Prefabs/Props/Tooth.prefab
  artifactKey: Guid(2947946e8fce6a04e90a006983e11ac0) Importer(815301076,1909f56bfc062723c751e8b465ee728b)
Start importing Assets/Creator Kit - FPS/Art/Prefabs/Props/Tooth.prefab using Guid(2947946e8fce6a04e90a006983e11ac0) Importer(815301076,1909f56bfc062723c751e8b465ee728b)  -> (artifact id: '9d6d02ed524449e103f879fe9bf0b5ff') in 0.040266 seconds 
========================================================================
Received Import Request.
  Time since last request: 0.000190 seconds.
  path: Assets/Creator Kit - FPS/Art/Prefabs/Props/VeinLargeA.prefab
  artifactKey: Guid(f8c74211d2b839f4fb26a872aa512b08) Importer(815301076,1909f56bfc062723c751e8b465ee728b)
Start importing Assets/Creator Kit - FPS/Art/Prefabs/Props/VeinLargeA.prefab using Guid(f8c74211d2b839f4fb26a872aa512b08) Importer(815301076,1909f56bfc062723c751e8b465ee728b)  -> (artifact id: '55596e539f2c88989586aac173f050f1') in 0.061533 seconds 
========================================================================
Received Import Request.
  Time since last request: 0.000163 seconds.
  path: Assets/Creator Kit - FPS/Art/Prefabs/Props/FatTunnel.prefab
  artifactKey: Guid(0183aeed358847a43b87f203d28ea1e9) Importer(815301076,1909f56bfc062723c751e8b465ee728b)
Start importing Assets/Creator Kit - FPS/Art/Prefabs/Props/FatTunnel.prefab using Guid(0183aeed358847a43b87f203d28ea1e9) Importer(815301076,1909f56bfc062723c751e8b465ee728b)  -> (artifact id: 'af7c819fa9da25e277ce9e2b742f32dd') in 0.053960 seconds 
========================================================================
Received Import Request.
  Time since last request: 0.000212 seconds.
  path: Assets/Creator Kit - FPS/Art/Prefabs/Props/Vein4.prefab
  artifactKey: Guid(ab218c60cbf80d148adfc67bbf9e245a) Importer(815301076,1909f56bfc062723c751e8b465ee728b)
Start importing Assets/Creator Kit - FPS/Art/Prefabs/Props/Vein4.prefab using Guid(ab218c60cbf80d148adfc67bbf9e245a) Importer(815301076,1909f56bfc062723c751e8b465ee728b)  -> (artifact id: 'd0b2eb0313e8887bdd89e62caf7eabf9') in 0.044313 seconds 
========================================================================
Received Import Request.
  Time since last request: 0.000206 seconds.
  path: Assets/Creator Kit - FPS/Art/Prefabs/Props/Bones.prefab
  artifactKey: Guid(3b0426c8d5c1d7c44a389b960164eb6e) Importer(815301076,1909f56bfc062723c751e8b465ee728b)
Start importing Assets/Creator Kit - FPS/Art/Prefabs/Props/Bones.prefab using Guid(3b0426c8d5c1d7c44a389b960164eb6e) Importer(815301076,1909f56bfc062723c751e8b465ee728b)  -> (artifact id: 'f92fafb1ee3db20465987c9540be32a6') in 0.012121 seconds 
========================================================================
Received Import Request.
  Time since last request: 0.000276 seconds.
  path: Assets/Creator Kit - FPS/Art/Prefabs/Props/VeinLargeB.prefab
  artifactKey: Guid(7b65f713d4ec1fc4e9f3d5d1c5be2108) Importer(815301076,1909f56bfc062723c751e8b465ee728b)
Start importing Assets/Creator Kit - FPS/Art/Prefabs/Props/VeinLargeB.prefab using Guid(7b65f713d4ec1fc4e9f3d5d1c5be2108) Importer(815301076,1909f56bfc062723c751e8b465ee728b)  -> (artifact id: '7792b3a41085bdbff95cbd3bfaab2496') in 0.041733 seconds 
========================================================================
Received Import Request.
  Time since last request: 0.000239 seconds.
  path: Assets/Creator Kit - FPS/Art/Prefabs/Props/Bone02.prefab
  artifactKey: Guid(ec691380843541646a7f18b7c7384272) Importer(815301076,1909f56bfc062723c751e8b465ee728b)
Start importing Assets/Creator Kit - FPS/Art/Prefabs/Props/Bone02.prefab using Guid(ec691380843541646a7f18b7c7384272) Importer(815301076,1909f56bfc062723c751e8b465ee728b)  -> (artifact id: 'acf9a090e9e0087a72d48236f700d341') in 0.042323 seconds 
========================================================================
Received Import Request.
  Time since last request: 0.000189 seconds.
  path: Assets/Creator Kit - FPS/Art/Prefabs/Props/Bone03.prefab
  artifactKey: Guid(43f3430572c0c054cb1c4482c24f5e9f) Importer(815301076,1909f56bfc062723c751e8b465ee728b)
Start importing Assets/Creator Kit - FPS/Art/Prefabs/Props/Bone03.prefab using Guid(43f3430572c0c054cb1c4482c24f5e9f) Importer(815301076,1909f56bfc062723c751e8b465ee728b)  -> (artifact id: '14839533ef1c30a6ab5418e62b03fd34') in 0.023248 seconds 
========================================================================
Received Import Request.
  Time since last request: 0.000244 seconds.
  path: Assets/Creator Kit - FPS/Art/Prefabs/Props/FatSide.prefab
  artifactKey: Guid(f3da781dc3ddae64d8fc4610e2085564) Importer(815301076,1909f56bfc062723c751e8b465ee728b)
Start importing Assets/Creator Kit - FPS/Art/Prefabs/Props/FatSide.prefab using Guid(f3da781dc3ddae64d8fc4610e2085564) Importer(815301076,1909f56bfc062723c751e8b465ee728b)  -> (artifact id: '8b49283e4b07bc003fe3eac3ebec8549') in 0.025455 seconds 
========================================================================
Received Import Request.
  Time since last request: 0.000179 seconds.
  path: Assets/Creator Kit - FPS/Art/Prefabs/Props/Vein2.prefab
  artifactKey: Guid(3103a4bb94f6af24dbd859133ea1d799) Importer(815301076,1909f56bfc062723c751e8b465ee728b)
Start importing Assets/Creator Kit - FPS/Art/Prefabs/Props/Vein2.prefab using Guid(3103a4bb94f6af24dbd859133ea1d799) Importer(815301076,1909f56bfc062723c751e8b465ee728b)  -> (artifact id: '42b385f800d8726fb0bebd64093d9d2a') in 0.044498 seconds 
========================================================================
Received Import Request.
  Time since last request: 0.000240 seconds.
  path: Assets/Creator Kit - FPS/Art/Prefabs/Props/VeinLargeD.prefab
  artifactKey: Guid(5ac4102516b6d024393bec334e86412a) Importer(815301076,1909f56bfc062723c751e8b465ee728b)
Start importing Assets/Creator Kit - FPS/Art/Prefabs/Props/VeinLargeD.prefab using Guid(5ac4102516b6d024393bec334e86412a) Importer(815301076,1909f56bfc062723c751e8b465ee728b)  -> (artifact id: '9fb9e98b9b142d2043de447968c31175') in 0.041052 seconds 
========================================================================
Received Import Request.
  Time since last request: 0.000158 seconds.
  path: Assets/Creator Kit - FPS/Art/Prefabs/Props/ToothMolar2.prefab
  artifactKey: Guid(4502ea73c64fc234dba9db5ece178cb2) Importer(815301076,1909f56bfc062723c751e8b465ee728b)
Start importing Assets/Creator Kit - FPS/Art/Prefabs/Props/ToothMolar2.prefab using Guid(4502ea73c64fc234dba9db5ece178cb2) Importer(815301076,1909f56bfc062723c751e8b465ee728b)  -> (artifact id: '0a94f42818d2139d00412aa7ae6ece2c') in 0.026446 seconds 
========================================================================
Received Import Request.
  Time since last request: 0.000220 seconds.
  path: Assets/Creator Kit - FPS/Art/Prefabs/Props/ToothMolar3.prefab
  artifactKey: Guid(79f715a7254260f4cb263c5b6a1a9c3c) Importer(815301076,1909f56bfc062723c751e8b465ee728b)
Start importing Assets/Creator Kit - FPS/Art/Prefabs/Props/ToothMolar3.prefab using Guid(79f715a7254260f4cb263c5b6a1a9c3c) Importer(815301076,1909f56bfc062723c751e8b465ee728b)  -> (artifact id: 'fe3b2e0762635361745364a2a4e795b8') in 0.024832 seconds 
========================================================================
Received Import Request.
  Time since last request: 0.000171 seconds.
  path: Assets/Creator Kit - FPS/Art/Prefabs/Props/Bone01.prefab
  artifactKey: Guid(8a0509da488e18e41bf5b29cb6422b27) Importer(815301076,1909f56bfc062723c751e8b465ee728b)
Start importing Assets/Creator Kit - FPS/Art/Prefabs/Props/Bone01.prefab using Guid(8a0509da488e18e41bf5b29cb6422b27) Importer(815301076,1909f56bfc062723c751e8b465ee728b)  -> (artifact id: 'babe9b4e650026fd6f41663411e0c0ea') in 0.024577 seconds 
========================================================================
Received Import Request.
  Time since last request: 0.000132 seconds.
  path: Assets/Creator Kit - FPS/Art/Prefabs/Props/ToothMolar4.prefab
  artifactKey: Guid(d184a8f503c347b4b9e8e5d5f816ef53) Importer(815301076,1909f56bfc062723c751e8b465ee728b)
Start importing Assets/Creator Kit - FPS/Art/Prefabs/Props/ToothMolar4.prefab using Guid(d184a8f503c347b4b9e8e5d5f816ef53) Importer(815301076,1909f56bfc062723c751e8b465ee728b)  -> (artifact id: 'e919c331ffe15e0fd1a3efa24c94ee75') in 0.026337 seconds 
========================================================================
Received Import Request.
  Time since last request: 0.000224 seconds.
  path: Assets/Creator Kit - FPS/Art/Prefabs/Props/ToothMolarGold.prefab
  artifactKey: Guid(da8d4734e4960124d94e80bf3b24e790) Importer(815301076,1909f56bfc062723c751e8b465ee728b)
Start importing Assets/Creator Kit - FPS/Art/Prefabs/Props/ToothMolarGold.prefab using Guid(da8d4734e4960124d94e80bf3b24e790) Importer(815301076,1909f56bfc062723c751e8b465ee728b)  -> (artifact id: '5a1b35029ab722ac31059fddeab8a387') in 0.034341 seconds 
========================================================================
Received Import Request.
  Time since last request: 0.000169 seconds.
  path: Assets/Creator Kit - FPS/Art/Prefabs/Props/Vein3.prefab
  artifactKey: Guid(4dfc99b2e1fca64429dcd00a1e9f1729) Importer(815301076,1909f56bfc062723c751e8b465ee728b)
Start importing Assets/Creator Kit - FPS/Art/Prefabs/Props/Vein3.prefab using Guid(4dfc99b2e1fca64429dcd00a1e9f1729) Importer(815301076,1909f56bfc062723c751e8b465ee728b)  -> (artifact id: '4cd63003c1638a970fc26849f724aebe') in 0.043434 seconds 
========================================================================
Received Import Request.
  Time since last request: 0.000202 seconds.
  path: Assets/Creator Kit - FPS/Art/Prefabs/Props/FatArch.prefab
  artifactKey: Guid(5f0bee8413a72064599464271763b1b4) Importer(815301076,1909f56bfc062723c751e8b465ee728b)
Start importing Assets/Creator Kit - FPS/Art/Prefabs/Props/FatArch.prefab using Guid(5f0bee8413a72064599464271763b1b4) Importer(815301076,1909f56bfc062723c751e8b465ee728b)  -> (artifact id: '2e4b0c242e3d76dbf5adac4bcf9e4cf7') in 0.031585 seconds 
========================================================================
Received Import Request.
  Time since last request: 0.000171 seconds.
  path: Assets/Creator Kit - FPS/Art/Prefabs/Props/VeinLargeC.prefab
  artifactKey: Guid(6c33ff8de3f090441bf47998eea943b0) Importer(815301076,1909f56bfc062723c751e8b465ee728b)
Start importing Assets/Creator Kit - FPS/Art/Prefabs/Props/VeinLargeC.prefab using Guid(6c33ff8de3f090441bf47998eea943b0) Importer(815301076,1909f56bfc062723c751e8b465ee728b)  -> (artifact id: 'dfb6a16ddd743f0b58ad6a1ae495b390') in 0.041820 seconds 
========================================================================
Received Import Request.
  Time since last request: 0.000243 seconds.
  path: Assets/Creator Kit - FPS/Art/Prefabs/Props/VeinLargeE.prefab
  artifactKey: Guid(a69f4bad11f421e419b8cb5341767af6) Importer(815301076,1909f56bfc062723c751e8b465ee728b)
Start importing Assets/Creator Kit - FPS/Art/Prefabs/Props/VeinLargeE.prefab using Guid(a69f4bad11f421e419b8cb5341767af6) Importer(815301076,1909f56bfc062723c751e8b465ee728b)  -> (artifact id: '1b3c2ed3185524c0b10ce3523b69a782') in 0.043857 seconds 
========================================================================
Received Import Request.
  Time since last request: 0.000188 seconds.
  path: Assets/Creator Kit - FPS/Art/Prefabs/Props/Vein1.prefab
  artifactKey: Guid(ad479ad88f34f9047846c99a52d23742) Importer(815301076,1909f56bfc062723c751e8b465ee728b)
Start importing Assets/Creator Kit - FPS/Art/Prefabs/Props/Vein1.prefab using Guid(ad479ad88f34f9047846c99a52d23742) Importer(815301076,1909f56bfc062723c751e8b465ee728b)  -> (artifact id: 'a30a09775cc9cd82583e8577c7dfc26a') in 0.042997 seconds 
========================================================================
Received Import Request.
  Time since last request: 164.144001 seconds.
  path: Assets/Creator Kit - FPS/Prefabs/Door and Key
  artifactKey: Guid(ef203de8d81f12e4fabc9c2d316a07ae) Importer(815301076,1909f56bfc062723c751e8b465ee728b)
Start importing Assets/Creator Kit - FPS/Prefabs/Door and Key using Guid(ef203de8d81f12e4fabc9c2d316a07ae) Importer(815301076,1909f56bfc062723c751e8b465ee728b)  -> (artifact id: 'de5d35108a5e33574384c445e78f7b66') in 0.007404 seconds 
========================================================================
Received Import Request.
  Time since last request: 0.059453 seconds.
  path: Assets/Creator Kit - FPS/Prefabs/Door and Key/FatBLob.prefab
  artifactKey: Guid(d26356071d092484f9b68a18937abd19) Importer(815301076,1909f56bfc062723c751e8b465ee728b)
Start importing Assets/Creator Kit - FPS/Prefabs/Door and Key/FatBLob.prefab using Guid(d26356071d092484f9b68a18937abd19) Importer(815301076,1909f56bfc062723c751e8b465ee728b)  -> (artifact id: '033e34a712737444fc22e0981f6629c9') in 0.209936 seconds 
========================================================================
Received Import Request.
  Time since last request: 0.000235 seconds.
  path: Assets/Creator Kit - FPS/Prefabs/Door and Key/Key.prefab
  artifactKey: Guid(b5efbb971dfd08c458d6074096aacb15) Importer(815301076,1909f56bfc062723c751e8b465ee728b)
Start importing Assets/Creator Kit - FPS/Prefabs/Door and Key/Key.prefab using Guid(b5efbb971dfd08c458d6074096aacb15) Importer(815301076,1909f56bfc062723c751e8b465ee728b)  -> (artifact id: '48c3a7fd1ab41e2a486bb45907e8ad43') in 0.100331 seconds 
========================================================================
Received Prepare
Registering precompiled user dll's ...
Registered in 0.009079 seconds.
Begin MonoManager ReloadAssembly
Native extension for WindowsStandalone target not found
Refreshing native plugins compatible for Editor in 0.48 ms, found 2 plugins.
Preloading 0 native plugins for Editor in 0.00 ms.
Mono: successfully reloaded assembly
- Completed reload, in  0.952 seconds
Domain Reload Profiling:
	ReloadAssembly (952ms)
		BeginReloadAssembly (157ms)
			ExecutionOrderSort (0ms)
			DisableScriptedObjects (5ms)
			BackupInstance (0ms)
			ReleaseScriptingObjects (0ms)
			CreateAndSetChildDomain (28ms)
		EndReloadAssembly (736ms)
			LoadAssemblies (187ms)
			RebuildTransferFunctionScriptingTraits (0ms)
			SetupTypeCache (251ms)
			ReleaseScriptCaches (1ms)
			RebuildScriptCaches (32ms)
			SetupLoadedEditorAssemblies (242ms)
				LogAssemblyErrors (0ms)
				InitializePlatformSupportModulesInManaged (4ms)
				SetLoadedEditorAssemblies (0ms)
				RefreshPlugins (1ms)
				BeforeProcessingInitializeOnLoad (52ms)
				ProcessInitializeOnLoadAttributes (163ms)
				ProcessInitializeOnLoadMethodAttributes (15ms)
				AfterProcessingInitializeOnLoad (7ms)
				EditorAssembliesLoaded (0ms)
			ExecutionOrderSort2 (0ms)
			AwakeInstancesAfterBackupRestoration (2ms)
Platform modules already initialized, skipping
Refreshing native plugins compatible for Editor in 0.51 ms, found 2 plugins.
Preloading 0 native plugins for Editor in 0.00 ms.
Unloading 1945 Unused Serialized files (Serialized files now loaded: 0)
System memory in use before: 178.4 MB.
System memory in use after: 178.5 MB.

Unloading 31 unused Assets to reduce memory usage. Loaded Objects now: 2476.
Total: 2.237200 ms (FindLiveObjects: 0.118200 ms CreateObjectMapping: 0.050000 ms MarkObjects: 2.051000 ms  DeleteObjects: 0.017400 ms)

AssetImportParameters requested are different than current active one (requested -> active):
  custom:framework-win-MediaFoundation: 216162199b28c13a410421893ffa2e32 -> 
  custom:video-decoder-ogg-theora: a1e56fd34408186e4bbccfd4996cb3dc -> 
  custom:container-muxer-webm: aa71ff27fc2769a1b78a27578f13a17b -> 
  custom:container-demuxer-webm: 4f35f7cbe854078d1ac9338744f61a02 -> 
  custom:container-demuxer-ogg: 62fdf1f143b41e24485cea50d1cbac27 -> 
  custom:video-encoder-webm-vp8: eb34c28f22e8b96e1ab97ce403110664 -> 
  custom:video-decoder-webm-vp8: 9c59270c3fd7afecdb556c50c9e8de78 -> 
  custom:audio-decoder-ogg-vorbis: bf7c407c2cedff20999df2af8eb42d56 -> 
  custom:audio-encoder-webm-vorbis: bf7c407c2cedff20999df2af8eb42d56 -> 
========================================================================
Received Import Request.
  Time since last request: 345.889708 seconds.
  path: Assets/Creator Kit - FPS/Prefabs/Weapons
  artifactKey: Guid(a630a9c5ac82d4e45b5748e93c50bd45) Importer(815301076,1909f56bfc062723c751e8b465ee728b)
Start importing Assets/Creator Kit - FPS/Prefabs/Weapons using Guid(a630a9c5ac82d4e45b5748e93c50bd45) Importer(815301076,1909f56bfc062723c751e8b465ee728b)  -> (artifact id: 'fd128c6429c5b504d888b6cd3e267bb6') in 0.012763 seconds 
========================================================================
Received Import Request.
  Time since last request: 0.141052 seconds.
  path: Assets/Creator Kit - FPS/Prefabs/Weapons/GermOBlaster.prefab
  artifactKey: Guid(a7112150bc902aa40a065439ad698c01) Importer(815301076,1909f56bfc062723c751e8b465ee728b)
Start importing Assets/Creator Kit - FPS/Prefabs/Weapons/GermOBlaster.prefab using Guid(a7112150bc902aa40a065439ad698c01) Importer(815301076,1909f56bfc062723c751e8b465ee728b)  -> (artifact id: '2a9c73fbd9eee460fc1a51cc3d2fae5e') in 0.193506 seconds 
========================================================================
Received Import Request.
  Time since last request: 0.000199 seconds.
  path: Assets/Creator Kit - FPS/Prefabs/Weapons/Healmatic500.prefab
  artifactKey: Guid(760a5cd9833938442ba8a4b54bfa8148) Importer(815301076,1909f56bfc062723c751e8b465ee728b)
Start importing Assets/Creator Kit - FPS/Prefabs/Weapons/Healmatic500.prefab using Guid(760a5cd9833938442ba8a4b54bfa8148) Importer(815301076,1909f56bfc062723c751e8b465ee728b)  -> (artifact id: '4c8ca2e65a57c458d9d722aa30c8a083') in 0.144620 seconds 
========================================================================
Received Import Request.
  Time since last request: 0.000264 seconds.
  path: Assets/Creator Kit - FPS/Prefabs/Weapons/PillProjectile.prefab
  artifactKey: Guid(4cfffa2f875e16444a1aa80acb915297) Importer(815301076,1909f56bfc062723c751e8b465ee728b)
Start importing Assets/Creator Kit - FPS/Prefabs/Weapons/PillProjectile.prefab using Guid(4cfffa2f875e16444a1aa80acb915297) Importer(815301076,1909f56bfc062723c751e8b465ee728b)  -> (artifact id: '7ae21f561d6a84ee4a13d8fceee42bdc') in 0.052077 seconds 
========================================================================
Received Import Request.
  Time since last request: 0.000223 seconds.
  path: Assets/Creator Kit - FPS/Prefabs/Weapons/Pill.prefab
  artifactKey: Guid(4f2e46d4d4842c849a745f6e82991e57) Importer(815301076,1909f56bfc062723c751e8b465ee728b)
Start importing Assets/Creator Kit - FPS/Prefabs/Weapons/Pill.prefab using Guid(4f2e46d4d4842c849a745f6e82991e57) Importer(815301076,1909f56bfc062723c751e8b465ee728b)  -> (artifact id: '118ef0623cfba05ab08fce4f40dd421a') in 0.055980 seconds 
========================================================================
Received Import Request.
  Time since last request: 16.149002 seconds.
  path: Assets/Creator Kit - FPS/Prefabs/Weapons/GermOBlaster 1.prefab
  artifactKey: Guid(71aba58bd36de5f40960d9c6b4f2f147) Importer(815301076,1909f56bfc062723c751e8b465ee728b)
Start importing Assets/Creator Kit - FPS/Prefabs/Weapons/GermOBlaster 1.prefab using Guid(71aba58bd36de5f40960d9c6b4f2f147) Importer(815301076,1909f56bfc062723c751e8b465ee728b)  -> (artifact id: 'e81f24b2f114f23c9e14b8892a761bcc') in 0.061047 seconds 
========================================================================
Received Import Request.
  Time since last request: 22.453369 seconds.
  path: Assets/Creator Kit - FPS/Prefabs/Weapons/GermOBlaster2.0 1.prefab
  artifactKey: Guid(71aba58bd36de5f40960d9c6b4f2f147) Importer(815301076,1909f56bfc062723c751e8b465ee728b)
Start importing Assets/Creator Kit - FPS/Prefabs/Weapons/GermOBlaster2.0 1.prefab using Guid(71aba58bd36de5f40960d9c6b4f2f147) Importer(815301076,1909f56bfc062723c751e8b465ee728b)  -> (artifact id: '848570f9b951443981fd4c6a99334455') in 0.055065 seconds 
========================================================================
Received Import Request.
  Time since last request: 24.469781 seconds.
  path: Assets/Creator Kit - FPS/Prefabs/Weapons/Pulveriser.prefab
  artifactKey: Guid(a7112150bc902aa40a065439ad698c01) Importer(815301076,1909f56bfc062723c751e8b465ee728b)
Start importing Assets/Creator Kit - FPS/Prefabs/Weapons/Pulveriser.prefab using Guid(a7112150bc902aa40a065439ad698c01) Importer(815301076,1909f56bfc062723c751e8b465ee728b)  -> (artifact id: '048575779ed1d413812e7327f4c4fbbf') in 0.053223 seconds 
========================================================================
Received Import Request.
  Time since last request: 100.413487 seconds.
  path: Assets/Creator Kit - FPS/Prefabs/Weapons/Pulveriser.prefab
  artifactKey: Guid(a7112150bc902aa40a065439ad698c01) Importer(815301076,1909f56bfc062723c751e8b465ee728b)
Start importing Assets/Creator Kit - FPS/Prefabs/Weapons/Pulveriser.prefab using Guid(a7112150bc902aa40a065439ad698c01) Importer(815301076,1909f56bfc062723c751e8b465ee728b)  -> (artifact id: '9d662117769ceff786a0a8eaa100bb26') in 0.049902 seconds 
========================================================================
Received Import Request.
  Time since last request: 4.255210 seconds.
  path: Assets/Creator Kit - FPS/Prefabs/Weapons/Pulveriser.prefab
  artifactKey: Guid(a7112150bc902aa40a065439ad698c01) Importer(815301076,1909f56bfc062723c751e8b465ee728b)
Start importing Assets/Creator Kit - FPS/Prefabs/Weapons/Pulveriser.prefab using Guid(a7112150bc902aa40a065439ad698c01) Importer(815301076,1909f56bfc062723c751e8b465ee728b)  -> (artifact id: 'fd9037b89f9fbc18cc3b79eb1157a88d') in 0.047836 seconds 
========================================================================
Received Import Request.
  Time since last request: 9.409938 seconds.
  path: Assets/Creator Kit - FPS/Prefabs/Weapons/Pulveriser.prefab
  artifactKey: Guid(a7112150bc902aa40a065439ad698c01) Importer(815301076,1909f56bfc062723c751e8b465ee728b)
Start importing Assets/Creator Kit - FPS/Prefabs/Weapons/Pulveriser.prefab using Guid(a7112150bc902aa40a065439ad698c01) Importer(815301076,1909f56bfc062723c751e8b465ee728b)  -> (artifact id: '887ae8c6a77e13a8d61dfe6973f20062') in 0.051563 seconds 
========================================================================
Received Import Request.
  Time since last request: 2.381788 seconds.
  path: Assets/Creator Kit - FPS/Prefabs/Weapons/Pulveriser.prefab
  artifactKey: Guid(a7112150bc902aa40a065439ad698c01) Importer(815301076,1909f56bfc062723c751e8b465ee728b)
Start importing Assets/Creator Kit - FPS/Prefabs/Weapons/Pulveriser.prefab using Guid(a7112150bc902aa40a065439ad698c01) Importer(815301076,1909f56bfc062723c751e8b465ee728b)  -> (artifact id: 'e25ccda2601e7e54d49eb76f83560e87') in 0.049912 seconds 
========================================================================
Received Import Request.
  Time since last request: 7.848059 seconds.
  path: Assets/Creator Kit - FPS/Prefabs/Weapons/Pulveriser.prefab
  artifactKey: Guid(a7112150bc902aa40a065439ad698c01) Importer(815301076,1909f56bfc062723c751e8b465ee728b)
Start importing Assets/Creator Kit - FPS/Prefabs/Weapons/Pulveriser.prefab using Guid(a7112150bc902aa40a065439ad698c01) Importer(815301076,1909f56bfc062723c751e8b465ee728b)  -> (artifact id: '27da27588bb459dbd365dafcbb98a973') in 0.054412 seconds 
========================================================================
Received Import Request.
  Time since last request: 70.013310 seconds.
  path: Assets/Creator Kit - FPS/Prefabs/Weapons/Pulveriser.prefab
  artifactKey: Guid(a7112150bc902aa40a065439ad698c01) Importer(815301076,1909f56bfc062723c751e8b465ee728b)
Start importing Assets/Creator Kit - FPS/Prefabs/Weapons/Pulveriser.prefab using Guid(a7112150bc902aa40a065439ad698c01) Importer(815301076,1909f56bfc062723c751e8b465ee728b)  -> (artifact id: '23813a060ad96f404f4868e9f5783b5d') in 0.050645 seconds 
========================================================================
Received Prepare
Registering precompiled user dll's ...
Registered in 0.008626 seconds.
Begin MonoManager ReloadAssembly
Native extension for WindowsStandalone target not found
Refreshing native plugins compatible for Editor in 0.53 ms, found 2 plugins.
Preloading 0 native plugins for Editor in 0.00 ms.
Mono: successfully reloaded assembly
- Completed reload, in  0.999 seconds
Domain Reload Profiling:
	ReloadAssembly (1000ms)
		BeginReloadAssembly (163ms)
			ExecutionOrderSort (0ms)
			DisableScriptedObjects (5ms)
			BackupInstance (0ms)
			ReleaseScriptingObjects (0ms)
			CreateAndSetChildDomain (30ms)
		EndReloadAssembly (773ms)
			LoadAssemblies (192ms)
			RebuildTransferFunctionScriptingTraits (0ms)
			SetupTypeCache (284ms)
			ReleaseScriptCaches (1ms)
			RebuildScriptCaches (34ms)
			SetupLoadedEditorAssemblies (247ms)
				LogAssemblyErrors (0ms)
				InitializePlatformSupportModulesInManaged (4ms)
				SetLoadedEditorAssemblies (0ms)
				RefreshPlugins (1ms)
				BeforeProcessingInitializeOnLoad (49ms)
				ProcessInitializeOnLoadAttributes (171ms)
				ProcessInitializeOnLoadMethodAttributes (15ms)
				AfterProcessingInitializeOnLoad (6ms)
				EditorAssembliesLoaded (0ms)
			ExecutionOrderSort2 (0ms)
			AwakeInstancesAfterBackupRestoration (2ms)
Platform modules already initialized, skipping
Refreshing native plugins compatible for Editor in 0.57 ms, found 2 plugins.
Preloading 0 native plugins for Editor in 0.00 ms.
Unloading 1945 Unused Serialized files (Serialized files now loaded: 0)
System memory in use before: 178.6 MB.
System memory in use after: 178.7 MB.

Unloading 31 unused Assets to reduce memory usage. Loaded Objects now: 2480.
Total: 2.226900 ms (FindLiveObjects: 0.116700 ms CreateObjectMapping: 0.049400 ms MarkObjects: 2.041300 ms  DeleteObjects: 0.019100 ms)

AssetImportParameters requested are different than current active one (requested -> active):
  custom:framework-win-MediaFoundation: 216162199b28c13a410421893ffa2e32 -> 
  custom:video-decoder-ogg-theora: a1e56fd34408186e4bbccfd4996cb3dc -> 
  custom:container-muxer-webm: aa71ff27fc2769a1b78a27578f13a17b -> 
  custom:container-demuxer-webm: 4f35f7cbe854078d1ac9338744f61a02 -> 
  custom:container-demuxer-ogg: 62fdf1f143b41e24485cea50d1cbac27 -> 
  custom:video-encoder-webm-vp8: eb34c28f22e8b96e1ab97ce403110664 -> 
  custom:video-decoder-webm-vp8: 9c59270c3fd7afecdb556c50c9e8de78 -> 
  custom:audio-decoder-ogg-vorbis: bf7c407c2cedff20999df2af8eb42d56 -> 
  custom:audio-encoder-webm-vorbis: bf7c407c2cedff20999df2af8eb42d56 -> 
========================================================================
Received Import Request.
  Time since last request: 161.444110 seconds.
  path: Assets/Creator Kit - FPS/Prefabs/Weapons/Pulveriser.prefab
  artifactKey: Guid(a7112150bc902aa40a065439ad698c01) Importer(815301076,1909f56bfc062723c751e8b465ee728b)
Start importing Assets/Creator Kit - FPS/Prefabs/Weapons/Pulveriser.prefab using Guid(a7112150bc902aa40a065439ad698c01) Importer(815301076,1909f56bfc062723c751e8b465ee728b)  -> (artifact id: 'c94540e0c4a5ee3cc7c705fa8e0efcd2') in 0.111706 seconds 
========================================================================
Received Prepare
Registering precompiled user dll's ...
Registered in 0.009026 seconds.
Begin MonoManager ReloadAssembly
Native extension for WindowsStandalone target not found
Refreshing native plugins compatible for Editor in 0.50 ms, found 2 plugins.
Preloading 0 native plugins for Editor in 0.00 ms.
Mono: successfully reloaded assembly
- Completed reload, in  0.984 seconds
Domain Reload Profiling:
	ReloadAssembly (984ms)
		BeginReloadAssembly (183ms)
			ExecutionOrderSort (0ms)
			DisableScriptedObjects (5ms)
			BackupInstance (0ms)
			ReleaseScriptingObjects (0ms)
			CreateAndSetChildDomain (26ms)
		EndReloadAssembly (717ms)
			LoadAssemblies (192ms)
			RebuildTransferFunctionScriptingTraits (0ms)
			SetupTypeCache (252ms)
			ReleaseScriptCaches (1ms)
			RebuildScriptCaches (34ms)
			SetupLoadedEditorAssemblies (240ms)
				LogAssemblyErrors (0ms)
				InitializePlatformSupportModulesInManaged (5ms)
				SetLoadedEditorAssemblies (0ms)
				RefreshPlugins (1ms)
				BeforeProcessingInitializeOnLoad (49ms)
				ProcessInitializeOnLoadAttributes (162ms)
				ProcessInitializeOnLoadMethodAttributes (16ms)
				AfterProcessingInitializeOnLoad (6ms)
				EditorAssembliesLoaded (0ms)
			ExecutionOrderSort2 (0ms)
			AwakeInstancesAfterBackupRestoration (2ms)
Platform modules already initialized, skipping
Refreshing native plugins compatible for Editor in 0.56 ms, found 2 plugins.
Preloading 0 native plugins for Editor in 0.00 ms.
Unloading 1945 Unused Serialized files (Serialized files now loaded: 0)
System memory in use before: 178.6 MB.
System memory in use after: 178.7 MB.

Unloading 31 unused Assets to reduce memory usage. Loaded Objects now: 2484.
Total: 2.889800 ms (FindLiveObjects: 0.140200 ms CreateObjectMapping: 0.053900 ms MarkObjects: 2.650600 ms  DeleteObjects: 0.044600 ms)

AssetImportParameters requested are different than current active one (requested -> active):
  custom:framework-win-MediaFoundation: 216162199b28c13a410421893ffa2e32 -> 
  custom:video-decoder-ogg-theora: a1e56fd34408186e4bbccfd4996cb3dc -> 
  custom:container-muxer-webm: aa71ff27fc2769a1b78a27578f13a17b -> 
  custom:container-demuxer-webm: 4f35f7cbe854078d1ac9338744f61a02 -> 
  custom:container-demuxer-ogg: 62fdf1f143b41e24485cea50d1cbac27 -> 
  custom:video-encoder-webm-vp8: eb34c28f22e8b96e1ab97ce403110664 -> 
  custom:video-decoder-webm-vp8: 9c59270c3fd7afecdb556c50c9e8de78 -> 
  custom:audio-decoder-ogg-vorbis: bf7c407c2cedff20999df2af8eb42d56 -> 
  custom:audio-encoder-webm-vorbis: bf7c407c2cedff20999df2af8eb42d56 -> 
========================================================================
Received Prepare
Registering precompiled user dll's ...
Registered in 0.009052 seconds.
Begin MonoManager ReloadAssembly
Native extension for WindowsStandalone target not found
Refreshing native plugins compatible for Editor in 0.51 ms, found 2 plugins.
Preloading 0 native plugins for Editor in 0.00 ms.
Mono: successfully reloaded assembly
- Completed reload, in  0.962 seconds
Domain Reload Profiling:
	ReloadAssembly (963ms)
		BeginReloadAssembly (152ms)
			ExecutionOrderSort (0ms)
			DisableScriptedObjects (5ms)
			BackupInstance (0ms)
			ReleaseScriptingObjects (0ms)
			CreateAndSetChildDomain (26ms)
		EndReloadAssembly (757ms)
			LoadAssemblies (163ms)
			RebuildTransferFunctionScriptingTraits (0ms)
			SetupTypeCache (298ms)
			ReleaseScriptCaches (1ms)
			RebuildScriptCaches (33ms)
			SetupLoadedEditorAssemblies (245ms)
				LogAssemblyErrors (0ms)
				InitializePlatformSupportModulesInManaged (4ms)
				SetLoadedEditorAssemblies (0ms)
				RefreshPlugins (1ms)
				BeforeProcessingInitializeOnLoad (48ms)
				ProcessInitializeOnLoadAttributes (170ms)
				ProcessInitializeOnLoadMethodAttributes (15ms)
				AfterProcessingInitializeOnLoad (6ms)
				EditorAssembliesLoaded (0ms)
			ExecutionOrderSort2 (0ms)
			AwakeInstancesAfterBackupRestoration (2ms)
Platform modules already initialized, skipping
Refreshing native plugins compatible for Editor in 0.53 ms, found 2 plugins.
Preloading 0 native plugins for Editor in 0.00 ms.
Unloading 1945 Unused Serialized files (Serialized files now loaded: 0)
System memory in use before: 178.6 MB.
System memory in use after: 178.7 MB.

Unloading 31 unused Assets to reduce memory usage. Loaded Objects now: 2487.
Total: 3.371500 ms (FindLiveObjects: 0.133100 ms CreateObjectMapping: 0.061800 ms MarkObjects: 3.133700 ms  DeleteObjects: 0.042300 ms)

AssetImportParameters requested are different than current active one (requested -> active):
  custom:framework-win-MediaFoundation: 216162199b28c13a410421893ffa2e32 -> 
  custom:video-decoder-ogg-theora: a1e56fd34408186e4bbccfd4996cb3dc -> 
  custom:container-muxer-webm: aa71ff27fc2769a1b78a27578f13a17b -> 
  custom:container-demuxer-webm: 4f35f7cbe854078d1ac9338744f61a02 -> 
  custom:container-demuxer-ogg: 62fdf1f143b41e24485cea50d1cbac27 -> 
  custom:video-encoder-webm-vp8: eb34c28f22e8b96e1ab97ce403110664 -> 
  custom:video-decoder-webm-vp8: 9c59270c3fd7afecdb556c50c9e8de78 -> 
  custom:audio-decoder-ogg-vorbis: bf7c407c2cedff20999df2af8eb42d56 -> 
  custom:audio-encoder-webm-vorbis: bf7c407c2cedff20999df2af8eb42d56 -> 
========================================================================
Received Prepare
Refreshing native plugins compatible for Editor in 29.23 ms, found 2 plugins.
Preloading 0 native plugins for Editor in 0.00 ms.
Unloading 29 Unused Serialized files (Serialized files now loaded: 0)
System memory in use before: 140.5 MB.
System memory in use after: 140.6 MB.

Unloading 29 unused Assets to reduce memory usage. Loaded Objects now: 2487.
Total: 7.120200 ms (FindLiveObjects: 0.304400 ms CreateObjectMapping: 0.124100 ms MarkObjects: 6.652600 ms  DeleteObjects: 0.037700 ms)

AssetImportParameters requested are different than current active one (requested -> active):
  custom:framework-win-MediaFoundation: 216162199b28c13a410421893ffa2e32 -> 
  custom:video-decoder-ogg-theora: a1e56fd34408186e4bbccfd4996cb3dc -> 
  custom:container-muxer-webm: aa71ff27fc2769a1b78a27578f13a17b -> 
  custom:container-demuxer-webm: 4f35f7cbe854078d1ac9338744f61a02 -> 
  custom:container-demuxer-ogg: 62fdf1f143b41e24485cea50d1cbac27 -> 
  custom:video-encoder-webm-vp8: eb34c28f22e8b96e1ab97ce403110664 -> 
  custom:video-decoder-webm-vp8: 9c59270c3fd7afecdb556c50c9e8de78 -> 
  custom:audio-decoder-ogg-vorbis: bf7c407c2cedff20999df2af8eb42d56 -> 
  custom:audio-encoder-webm-vorbis: bf7c407c2cedff20999df2af8eb42d56 -> 
AssetImportWorkerClient::OnTransportError - code=2 error=End of file
